2023-07-07 02:46:44,892 INFO z!65142040627(label = 0) : Normal User
2023-07-07 02:46:45,410 INFO z!63177007052(label = 0) : Normal User
2023-07-07 02:46:45,879 INFO z!65168609861(label = 4) : Normal User
2023-07-07 02:46:46,428 INFO z!61160081284(label = 4) : Normal User
2023-07-07 02:46:47,312 INFO z!69166141475(label = 0) : Normal User
2023-07-07 02:46:47,845 INFO z!68148203627(label = 0) : Normal User
2023-07-07 02:46:48,385 INFO z!23141451870(label = 4) : Normal User
2023-07-07 02:46:49,039 INFO z!62174164079(label = 4) : Normal User
2023-07-07 02:46:49,812 INFO z!65169465057(label = 0) : Normal User
2023-07-07 02:46:50,320 INFO z!69150106139(label = 4) : Normal User
2023-07-07 02:46:50,814 INFO z!66158434634(label = 4) : Normal User
2023-07-07 02:46:51,277 INFO z!66148812288(label = 4) : Normal User
2023-07-07 02:46:51,769 INFO z!63177123448(label = 4) : Normal User
2023-07-07 02:46:52,492 INFO z!61118752214(label = 0) : Normal User
2023-07-07 02:46:53,355 INFO z!65167323096(label = 1) : Normal User
2023-07-07 02:46:54,032 INFO z!22606115620(label = 0) : Normal User
2023-07-07 02:46:54,742 INFO z!61155691030(label = 0) : Normal User
2023-07-07 02:46:55,311 INFO z!61177657056(label = 4) : Normal User
2023-07-07 02:46:55,783 INFO z!67158408398(label = 1) : Normal User
2023-07-07 02:46:56,306 INFO z!69168654317(label = 4) : Normal User
2023-07-07 02:46:57,207 INFO z!67175748726(label = 0) : Normal User
2023-07-07 02:46:57,934 INFO z!67174024500(label = 0) : Normal User
2023-07-07 02:46:59,107 INFO su67686(label = 4) : Normal User
2023-07-07 02:46:59,683 INFO z!62157395905(label = 0) : Normal User
2023-07-07 02:47:00,168 INFO z!63169646239(label = 4) : Normal User
2023-07-07 02:47:00,841 INFO w751127(label = 0) : Normal User
2023-07-07 02:47:01,322 INFO z!66159525539(label = 4) : Normal User
2023-07-07 02:47:01,850 INFO z!61176218115(label = 4) : Normal User
2023-07-07 02:47:02,557 INFO home3090(label = 0) : Normal User
2023-07-07 02:47:03,085 INFO z!63079455630(label = 4) : Normal User
2023-07-07 02:47:03,651 INFO z!68175895299(label = 4) : Normal User
2023-07-07 02:47:04,218 INFO z!64171029174(label = 4) : Normal User
2023-07-07 02:47:04,738 INFO kt176389(label = 4) : Normal User
2023-07-07 02:47:05,353 INFO z!63177454267(label = 0) : Normal User
2023-07-07 02:47:05,815 INFO jm9459(label = 4) : Normal User
2023-07-07 02:47:06,328 INFO z!62178178193(label = 4) : Normal User
2023-07-07 02:47:06,864 INFO z!61173732983(label = 4) : Normal User
2023-07-07 02:47:07,532 INFO z!67168341461(label = 4) : Normal User
2023-07-07 02:47:08,201 INFO z!62123972873(label = 0) : Normal User
2023-07-07 02:47:08,926 INFO z!62169876391(label = 0) : Normal User
2023-07-07 02:47:09,663 INFO z!67155091963(label = 0) : Normal User
2023-07-07 02:47:10,328 INFO z!69165356719(label = 4) : Normal User
2023-07-07 02:47:10,776 INFO cjy0402(label = 4) : Normal User
2023-07-07 02:47:11,296 INFO z!67167709913(label = 0) : Normal User
2023-07-07 02:47:11,806 INFO z!63150889173(label = 4) : Normal User
2023-07-07 02:47:12,639 INFO z!63155742540(label = 1) : Normal User
2023-07-07 02:47:13,243 INFO z!21881067010(label = 4) : Normal User
2023-07-07 02:47:15,006 INFO z!64157650833(label = 0) : Normal User
2023-07-07 02:47:15,798 INFO z!69172680050(label = 4) : Normal User
2023-07-07 02:47:16,665 INFO z!61161949409(label = 0) : Normal User
2023-07-07 02:47:17,809 INFO kt0393822(label = 0) : Normal User
2023-07-07 02:47:19,280 INFO z!63161427009(label = 0) : Normal User
2023-07-07 02:47:19,777 INFO z!64168065641(label = 0) : Normal User
2023-07-07 02:47:20,280 INFO z!63161806397(label = 4) : Normal User
2023-07-07 02:47:20,849 INFO z!64173226875(label = 4) : Normal User
2023-07-07 02:47:22,923 INFO z!24284137820(label = 0) : Normal User
2023-07-07 02:47:23,937 INFO z!61170228590(label = 0) : Normal User
2023-07-07 02:47:24,598 INFO z!22950293310(label = 4) : Normal User
2023-07-07 02:47:25,240 INFO z!66177201545(label = 0) : Normal User
2023-07-07 02:47:25,857 INFO z!68174905447(label = 4) : Normal User
2023-07-07 02:47:26,331 INFO z!64164087451(label = 4) : Normal User
2023-07-07 02:47:26,894 INFO z!67163724083(label = 4) : Normal User
2023-07-07 02:47:27,693 INFO z!66166872406(label = 0) : Normal User
2023-07-07 02:47:28,301 INFO z!67175395518(label = 0) : Normal User
2023-07-07 02:47:28,973 INFO z!63162136462(label = 4) : Normal User
2023-07-07 02:47:29,486 INFO l5813900(label = 0) : Normal User
2023-07-07 02:47:29,949 INFO kt00229838(label = 4) : Normal User
2023-07-07 02:47:30,474 INFO z!61175090909(label = 4) : Normal User
2023-07-07 02:47:31,014 INFO z!68164880330(label = 4) : Normal User
2023-07-07 02:47:31,762 INFO chair21c(label = 1) : Normal User
2023-07-07 02:47:32,702 INFO k2762727(label = 1) : Normal User
2023-07-07 02:47:33,361 INFO z!66175744805(label = 4) : Normal User
2023-07-07 02:47:33,868 INFO z!69162775047(label = 4) : Normal User
2023-07-07 02:47:34,724 INFO z!63155232135(label = 0) : Normal User
2023-07-07 02:47:35,304 INFO z!61172031739(label = 4) : Normal User
2023-07-07 02:47:35,985 INFO z!67170343518(label = 1) : Normal User
2023-07-07 02:47:36,507 INFO kns8477216(label = 4) : Normal User
2023-07-07 02:47:37,034 INFO z!68164927189(label = 0) : Normal User
2023-07-07 02:47:37,781 INFO z!67144794847(label = 4) : Normal User
2023-07-07 02:47:38,395 INFO z!61176951244(label = 4) : Normal User
2023-07-07 02:47:38,984 INFO ctc1153(label = 4) : Normal User
2023-07-07 02:47:39,580 INFO z!69145561175(label = 0) : Normal User
2023-07-07 02:47:40,235 INFO z!67171935741(label = 4) : Normal User
2023-07-07 02:47:40,896 INFO z!61163841660(label = 1) : Normal User
2023-07-07 02:47:41,525 INFO z!64158593810(label = 0) : Normal User
2023-07-07 02:47:42,180 INFO kt82008786(label = 0) : Normal User
2023-07-07 02:47:42,902 INFO z!62165354881(label = 4) : Normal User
2023-07-07 02:47:43,520 INFO z!68159615778(label = 4) : Normal User
2023-07-07 02:47:44,058 INFO z!68156545578(label = 4) : Normal User
2023-07-07 02:47:44,520 INFO z!66177373756(label = 4) : Normal User
2023-07-07 02:47:45,103 INFO z!63173951187(label = 0) : Normal User
2023-07-07 02:47:45,754 INFO z!69163475508(label = 0) : Normal User
2023-07-07 02:47:46,357 INFO z!69162901341(label = 0) : Normal User
2023-07-07 02:47:46,910 INFO z!65153672787(label = 0) : Normal User
2023-07-07 02:47:47,400 INFO z!63173812667(label = 4) : Normal User
2023-07-07 02:47:47,921 INFO z!66025119066(label = 0) : Normal User
2023-07-07 02:47:48,671 INFO z!62172961799(label = 4) : Normal User
2023-07-07 02:47:49,748 INFO dikang2(label = 0) : Normal User
2023-07-07 02:47:50,342 INFO z!66142200611(label = 0) : Normal User
2023-07-07 02:47:50,991 INFO z!65164840472(label = 4) : Normal User
2023-07-07 02:47:52,748 INFO z!65152836453(label = 4) : Normal User
2023-07-07 02:47:54,079 INFO z!66161000929(label = 0) : Normal User
2023-07-07 02:47:56,772 INFO z!62164464454(label = 0) : Normal User
2023-07-07 02:47:58,163 INFO z67160851390(label = 0) : Normal User
2023-07-07 02:47:59,167 INFO z!69175398104(label = 4) : Normal User
2023-07-07 02:47:59,810 INFO z!66162654190(label = 4) : Normal User
2023-07-07 02:48:00,729 INFO z!62171069250(label = 0) : Normal User
2023-07-07 02:48:04,564 INFO gg7138616(label = 4) : Normal User
2023-07-07 02:48:05,740 INFO yhjj1104(label = 4) : Normal User
2023-07-07 02:48:07,083 INFO z!66157468786(label = 4) : Normal User
2023-07-07 02:48:08,997 INFO z!67158222927(label = 0) : Normal User
2023-07-07 02:48:10,431 INFO z!63157680191(label = 4) : Normal User
2023-07-07 02:48:11,765 INFO z!66075337051(label = 0) : Normal User
2023-07-07 02:48:12,622 INFO z!61163552033(label = 4) : Normal User
2023-07-07 02:48:13,468 INFO power4958(label = 4) : Normal User
2023-07-07 02:48:14,514 INFO z!21856003290(label = 4) : Normal User
2023-07-07 02:48:15,200 INFO kaio70(label = 4) : Normal User
2023-07-07 02:48:15,728 INFO z!65172186623(label = 0) : Normal User
2023-07-07 02:48:16,621 INFO z!67171607966(label = 4) : Normal User
2023-07-07 02:48:17,134 INFO z!68171941423(label = 4) : Normal User
2023-07-07 02:48:17,910 INFO z!64169075888(label = 4) : Normal User
2023-07-07 02:48:18,640 INFO z!61175415592(label = 4) : Normal User
2023-07-07 02:48:19,532 INFO z!66157404546(label = 4) : Normal User
2023-07-07 02:48:21,012 INFO z!63167930372(label = 4) : Normal User
2023-07-07 02:48:21,887 INFO z!68151900769(label = 0) : Normal User
2023-07-07 02:48:22,589 INFO s91448168(label = 0) : Normal User
2023-07-07 02:48:23,287 INFO z!63166903112(label = 0) : Normal User
2023-07-07 02:48:24,044 INFO z!63164466030(label = 4) : Normal User
2023-07-07 02:48:25,261 INFO z!66165194792(label = 1) : Normal User
2023-07-07 02:48:25,821 INFO z!68163266579(label = 0) : Normal User
2023-07-07 02:48:26,405 INFO z!64174040357(label = 4) : Normal User
2023-07-07 02:48:27,125 INFO z!68163145261(label = 1) : Normal User
2023-07-07 02:48:27,963 INFO z64147190976(label = 4) : Normal User
2023-07-07 02:48:29,023 INFO z!65173233013(label = 4) : Normal User
2023-07-07 02:48:29,620 INFO vb320819(label = 4) : Normal User
2023-07-07 02:48:30,157 INFO z!66158197969(label = 4) : Normal User
2023-07-07 02:48:31,818 INFO z!65166036557(label = 1) : Normal User
2023-07-07 02:48:32,584 INFO z!68159850084(label = 0) : Normal User
2023-07-07 02:48:33,109 INFO z!69165994496(label = 4) : Normal User
2023-07-07 02:48:33,674 INFO z!68167413963(label = 4) : Normal User
2023-07-07 02:48:34,481 INFO z!62167862870(label = 0) : Normal User
2023-07-07 02:48:35,379 INFO lk1140(label = 4) : Normal User
2023-07-07 02:48:35,962 INFO z!61161612907(label = 4) : Normal User
2023-07-07 02:48:37,183 INFO kt8358262(label = 4) : Normal User
2023-07-07 02:48:37,869 INFO z!65173306692(label = 4) : Normal User
2023-07-07 02:48:39,531 INFO z!67180753309(label = 0) : Normal User
2023-07-07 02:48:40,254 INFO z!90012618217(label = 1) : Normal User
2023-07-07 02:48:41,142 INFO z!68148611402(label = 4) : Normal User
2023-07-07 02:48:41,989 INFO z!65143388330(label = 1) : Normal User
2023-07-07 02:48:42,484 INFO z!62067810648(label = 4) : Normal User
2023-07-07 02:48:42,947 INFO taesan0904(label = 0) : Normal User
2023-07-07 02:48:44,021 INFO gjduwjd(label = 1) : Normal User
